#
# There is insufficient memory for the Java Runtime Environment to continue.
# Native memory allocation (malloc) failed to allocate 262160 bytes for Chunk::new
# Possible reasons:
#   The system is out of physical RAM or swap space
#   In 32 bit mode, the process size limit was hit
# Possible solutions:
#   Reduce memory load on the system
#   Increase physical memory or swap space
#   Check if swap backing store is full
#   Use 64 bit Java on a 64 bit OS
#   Decrease Java heap size (-Xmx/-Xms)
#   Decrease number of Java threads
#   Decrease Java thread stack sizes (-Xss)
#   Set larger code cache with -XX:ReservedCodeCacheSize=
# This output file may be truncated or incomplete.
#
#  Out of Memory Error (allocation.cpp:390), pid=6376, tid=0x0000000000001aa4
#
# JRE version: OpenJDK Runtime Environment (8.0_112-b06) (build 1.8.0_112-release-b06)
# Java VM: OpenJDK 64-Bit Server VM (25.112-b06 mixed mode windows-amd64 compressed oops)
# Failed to write core dump. Minidumps are not enabled by default on client versions of Windows
#

---------------  T H R E A D  ---------------

Current thread (0x000000001642b800):  JavaThread "C2 CompilerThread1" daemon [_thread_in_native, id=6820, stack(0x0000000017b90000,0x0000000017c90000)]

Stack: [0x0000000017b90000,0x0000000017c90000]
[error occurred during error reporting (printing stack bounds), id 0xc0000005]

Native frames: (J=compiled Java code, j=interpreted, Vv=VM code, C=native code)


Current CompileTask:
C2:6117972 11274       4       java.beans.Introspector::addPropertyDescriptor (265 bytes)


---------------  P R O C E S S  ---------------

Java Threads: ( => current thread )
  0x000000001b5a5800 JavaThread "Stdin handler" [_thread_blocked, id=7016, stack(0x000000001aaf0000,0x000000001abf0000)]
  0x000000001b5a2800 JavaThread "Asynchronous log dispatcher for DefaultDaemonConnection: socket connection from /127.0.0.1:50010 to /127.0.0.1:53223" [_thread_blocked, id=5496, stack(0x000000001a9f0000,0x000000001aaf0000)]
  0x000000001b5a4800 JavaThread "Daemon worker Thread 3" [_thread_in_Java, id=5116, stack(0x000000001a8f0000,0x000000001a9f0000)]
  0x000000001b59c000 JavaThread "Cancel handler" [_thread_blocked, id=6532, stack(0x000000001a7f0000,0x000000001a8f0000)]
  0x000000001b5a1800 JavaThread "Handler for socket connection from /127.0.0.1:50010 to /127.0.0.1:53223" [_thread_in_native, id=408, stack(0x000000001a5f0000,0x000000001a6f0000)]
  0x000000001b59b800 JavaThread "Daemon Thread 3" [_thread_blocked, id=5476, stack(0x000000001a4f0000,0x000000001a5f0000)]
  0x000000001ae92800 JavaThread "File lock request listener" [_thread_in_native, id=1104, stack(0x000000001bdc0000,0x000000001bec0000)]
  0x000000001952a000 JavaThread "pool-1-thread-1" [_thread_blocked, id=6200, stack(0x000000001a6f0000,0x000000001a7f0000)]
  0x000000001907d800 JavaThread "Incoming local TCP Connector on port 50010" [_thread_in_native, id=5800, stack(0x0000000019b60000,0x0000000019c60000)]
  0x000000001647b800 JavaThread "Service Thread" daemon [_thread_blocked, id=6604, stack(0x0000000018190000,0x0000000018290000)]
  0x0000000016422800 JavaThread "C1 CompilerThread2" daemon [_thread_blocked, id=4556, stack(0x0000000017c90000,0x0000000017d90000)]
=>0x000000001642b800 JavaThread "C2 CompilerThread1" daemon [_thread_in_native, id=6820, stack(0x0000000017b90000,0x0000000017c90000)]
  0x0000000016428800 JavaThread "C2 CompilerThread0" daemon [_thread_in_native, id=6864, stack(0x0000000017a90000,0x0000000017b90000)]
  0x0000000016426000 JavaThread "Attach Listener" daemon [_thread_blocked, id=6016, stack(0x0000000017990000,0x0000000017a90000)]
  0x0000000016424800 JavaThread "Signal Dispatcher" daemon [_thread_blocked, id=2672, stack(0x0000000017890000,0x0000000017990000)]
  0x0000000002aab800 JavaThread "Finalizer" daemon [_thread_blocked, id=6688, stack(0x0000000017680000,0x0000000017780000)]
  0x0000000002aa0800 JavaThread "Reference Handler" daemon [_thread_blocked, id=6432, stack(0x0000000017580000,0x0000000017680000)]
  0x00000000029b1000 JavaThread "main" [_thread_blocked, id=6816, stack(0x0000000002880000,0x0000000002980000)]

Other Threads:
  0x00000000163e6000 VMThread [stack: 0x0000000017480000,0x0000000017580000] [id=1312]
  0x000000001647c800 WatcherThread [stack: 0x0000000018290000,0x0000000018390000] [id=7084]

VM state:not at safepoint (normal execution)

VM Mutex/Monitor currently owned by a thread: None

Heap:
 PSYoungGen      total 210432K, used 112228K [0x00000000e0000000, 0x00000000ef700000, 0x0000000100000000)
  eden space 204800K, 52% used [0x00000000e0000000,0x00000000e6850c50,0x00000000ec800000)
  from space 5632K, 96% used [0x00000000ecf00000,0x00000000ed4487a8,0x00000000ed480000)
  to   space 24064K, 0% used [0x00000000edf80000,0x00000000edf80000,0x00000000ef700000)
 ParOldGen       total 150528K, used 49098K [0x00000000a0000000, 0x00000000a9300000, 0x00000000e0000000)
  object space 150528K, 32% used [0x00000000a0000000,0x00000000a2ff2b00,0x00000000a9300000)
 Metaspace       used 61781K, capacity 65098K, committed 65280K, reserved 1105920K
  class space    used 8296K, capacity 8915K, committed 8960K, reserved 1048576K

Card table byte_map: [0x0000000011e70000,0x0000000012180000] byte_map_base: 0x0000000011970000

Marking Bits: (ParMarkBitMap*) 0x000000005f0718f0
 Begin Bits: [0x0000000012780000, 0x0000000013f80000)
 End Bits:   [0x0000000013f80000, 0x0000000015780000)

Polling page: 0x0000000000f20000

CodeCache: size=245760Kb used=33502Kb max_used=33502Kb free=212257Kb
 bounds [0x0000000002ab0000, 0x0000000004b90000, 0x0000000011ab0000]
 total_blobs=10200 nmethods=9447 adapters=665
 compilation: enabled

Compilation events (10 events):
Event: 6116.272 Thread 0x0000000016422800 11343       3       org.codehaus.groovy.reflection.ClassInfo::getMetaClassUnderLock (74 bytes)
Event: 6116.273 Thread 0x0000000016422800 nmethod 11343 0x0000000004b86f50 code [0x0000000004b87180, 0x0000000004b87ed8]
Event: 6116.273 Thread 0x0000000016422800 11344       3       org.codehaus.groovy.reflection.ClassInfo::unlock (8 bytes)
Event: 6116.274 Thread 0x0000000016422800 nmethod 11344 0x0000000004b88310 code [0x0000000004b88480, 0x0000000004b88768]
Event: 6116.274 Thread 0x0000000016422800 11345       1       groovy.lang.Closure::getDirective (5 bytes)
Event: 6116.274 Thread 0x0000000016422800 nmethod 11345 0x0000000003f7dc10 code [0x0000000003f7dd60, 0x0000000003f7de70]
Event: 6116.276 Thread 0x0000000016422800 11346       3       org.gradle.internal.resource.transport.file.FileTransport::<init> (32 bytes)
Event: 6116.277 Thread 0x0000000016422800 nmethod 11346 0x0000000004b88850 code [0x0000000004b889e0, 0x0000000004b88e50]
Event: 6116.277 Thread 0x0000000016422800 11347       3       org.gradle.api.internal.artifacts.ivyservice.ivyresolve.LocalModuleComponentRepository::<init> (36 bytes)
Event: 6116.278 Thread 0x0000000016422800 nmethod 11347 0x0000000004b89050 code [0x0000000004b89220, 0x0000000004b89938]

GC Heap History (10 events):
Event: 40.406 GC heap before
{Heap before GC invocations=16 (full 2):
 PSYoungGen      total 144896K, used 144895K [0x00000000e0000000, 0x00000000ed500000, 0x0000000100000000)
  eden space 129536K, 100% used [0x00000000e0000000,0x00000000e7e80000,0x00000000e7e80000)
  from space 15360K, 99% used [0x00000000e7e80000,0x00000000e8d7fe08,0x00000000e8d80000)
  to   space 22016K, 0% used [0x00000000ebf80000,0x00000000ebf80000,0x00000000ed500000)
 ParOldGen       total 89088K, used 32660K [0x00000000a0000000, 0x00000000a5700000, 0x00000000e0000000)
  object space 89088K, 36% used [0x00000000a0000000,0x00000000a1fe5298,0x00000000a5700000)
 Metaspace       used 54260K, capacity 56498K, committed 56704K, reserved 1097728K
  class space    used 7313K, capacity 7774K, committed 7808K, reserved 1048576K
Event: 40.471 GC heap after
Heap after GC invocations=16 (full 2):
 PSYoungGen      total 192512K, used 18869K [0x00000000e0000000, 0x00000000ed580000, 0x0000000100000000)
  eden space 170496K, 0% used [0x00000000e0000000,0x00000000e0000000,0x00000000ea680000)
  from space 22016K, 85% used [0x00000000ebf80000,0x00000000ed1ed500,0x00000000ed500000)
  to   space 24064K, 0% used [0x00000000ea680000,0x00000000ea680000,0x00000000ebe00000)
 ParOldGen       total 89088K, used 37076K [0x00000000a0000000, 0x00000000a5700000, 0x00000000e0000000)
  object space 89088K, 41% used [0x00000000a0000000,0x00000000a24350a0,0x00000000a5700000)
 Metaspace       used 54260K, capacity 56498K, committed 56704K, reserved 1097728K
  class space    used 7313K, capacity 7774K, committed 7808K, reserved 1048576K
}
Event: 45.202 GC heap before
{Heap before GC invocations=17 (full 2):
 PSYoungGen      total 192512K, used 60503K [0x00000000e0000000, 0x00000000ed580000, 0x0000000100000000)
  eden space 170496K, 24% used [0x00000000e0000000,0x00000000e28a87e0,0x00000000ea680000)
  from space 22016K, 85% used [0x00000000ebf80000,0x00000000ed1ed500,0x00000000ed500000)
  to   space 24064K, 0% used [0x00000000ea680000,0x00000000ea680000,0x00000000ebe00000)
 ParOldGen       total 89088K, used 37076K [0x00000000a0000000, 0x00000000a5700000, 0x00000000e0000000)
  object space 89088K, 41% used [0x00000000a0000000,0x00000000a24350a0,0x00000000a5700000)
 Metaspace       used 56675K, capacity 58972K, committed 59028K, reserved 1099776K
  class space    used 7641K, capacity 8153K, committed 8192K, reserved 1048576K
Event: 45.257 GC heap after
Heap after GC invocations=17 (full 2):
 PSYoungGen      total 194560K, used 15360K [0x00000000e0000000, 0x00000000f0900000, 0x0000000100000000)
  eden space 170496K, 0% used [0x00000000e0000000,0x00000000e0000000,0x00000000ea680000)
  from space 24064K, 63% used [0x00000000ea680000,0x00000000eb580020,0x00000000ebe00000)
  to   space 24576K, 0% used [0x00000000ef100000,0x00000000ef100000,0x00000000f0900000)
 ParOldGen       total 89088K, used 40482K [0x00000000a0000000, 0x00000000a5700000, 0x00000000e0000000)
  object space 89088K, 45% used [0x00000000a0000000,0x00000000a2788a00,0x00000000a5700000)
 Metaspace       used 56675K, capacity 58972K, committed 59028K, reserved 1099776K
  class space    used 7641K, capacity 8153K, committed 8192K, reserved 1048576K
}
Event: 45.257 GC heap before
{Heap before GC invocations=18 (full 3):
 PSYoungGen      total 194560K, used 15360K [0x00000000e0000000, 0x00000000f0900000, 0x0000000100000000)
  eden space 170496K, 0% used [0x00000000e0000000,0x00000000e0000000,0x00000000ea680000)
  from space 24064K, 63% used [0x00000000ea680000,0x00000000eb580020,0x00000000ebe00000)
  to   space 24576K, 0% used [0x00000000ef100000,0x00000000ef100000,0x00000000f0900000)
 ParOldGen       total 89088K, used 40482K [0x00000000a0000000, 0x00000000a5700000, 0x00000000e0000000)
  object space 89088K, 45% used [0x00000000a0000000,0x00000000a2788a00,0x00000000a5700000)
 Metaspace       used 56675K, capacity 58972K, committed 59028K, reserved 1099776K
  class space    used 7641K, capacity 8153K, committed 8192K, reserved 1048576K
Event: 45.793 GC heap after
Heap after GC invocations=18 (full 3):
 PSYoungGen      total 194560K, used 0K [0x00000000e0000000, 0x00000000f0900000, 0x0000000100000000)
  eden space 170496K, 0% used [0x00000000e0000000,0x00000000e0000000,0x00000000ea680000)
  from space 24064K, 0% used [0x00000000ea680000,0x00000000ea680000,0x00000000ebe00000)
  to   space 24576K, 0% used [0x00000000ef100000,0x00000000ef100000,0x00000000f0900000)
 ParOldGen       total 150528K, used 49090K [0x00000000a0000000, 0x00000000a9300000, 0x00000000e0000000)
  object space 150528K, 32% used [0x00000000a0000000,0x00000000a2ff0b00,0x00000000a9300000)
 Metaspace       used 56675K, capacity 58972K, committed 59028K, reserved 1099776K
  class space    used 7641K, capacity 8153K, committed 8192K, reserved 1048576K
}
Event: 5408.242 GC heap before
{Heap before GC invocations=19 (full 3):
 PSYoungGen      total 194560K, used 170496K [0x00000000e0000000, 0x00000000f0900000, 0x0000000100000000)
  eden space 170496K, 100% used [0x00000000e0000000,0x00000000ea680000,0x00000000ea680000)
  from space 24064K, 0% used [0x00000000ea680000,0x00000000ea680000,0x00000000ebe00000)
  to   space 24576K, 0% used [0x00000000ef100000,0x00000000ef100000,0x00000000f0900000)
 ParOldGen       total 150528K, used 49090K [0x00000000a0000000, 0x00000000a9300000, 0x00000000e0000000)
  object space 150528K, 32% used [0x00000000a0000000,0x00000000a2ff0b00,0x00000000a9300000)
 Metaspace       used 57863K, capacity 60420K, committed 60544K, reserved 1101824K
  class space    used 7777K, capacity 8285K, committed 8320K, reserved 1048576K
Event: 5408.320 GC heap after
Heap after GC invocations=19 (full 3):
 PSYoungGen      total 225280K, used 5312K [0x00000000e0000000, 0x00000000efe00000, 0x0000000100000000)
  eden space 211968K, 0% used [0x00000000e0000000,0x00000000e0000000,0x00000000ecf00000)
  from space 13312K, 39% used [0x00000000ef100000,0x00000000ef630020,0x00000000efe00000)
  to   space 24064K, 0% used [0x00000000ecf00000,0x00000000ecf00000,0x00000000ee680000)
 ParOldGen       total 150528K, used 49098K [0x00000000a0000000, 0x00000000a9300000, 0x00000000e0000000)
  object space 150528K, 32% used [0x00000000a0000000,0x00000000a2ff2b00,0x00000000a9300000)
 Metaspace       used 57863K, capacity 60420K, committed 60544K, reserved 1101824K
  class space    used 7777K, capacity 8285K, committed 8320K, reserved 1048576K
}
Event: 6113.536 GC heap before
{Heap before GC invocations=20 (full 3):
 PSYoungGen      total 225280K, used 217280K [0x00000000e0000000, 0x00000000efe00000, 0x0000000100000000)
  eden space 211968K, 100% used [0x00000000e0000000,0x00000000ecf00000,0x00000000ecf00000)
  from space 13312K, 39% used [0x00000000ef100000,0x00000000ef630020,0x00000000efe00000)
  to   space 24064K, 0% used [0x00000000ecf00000,0x00000000ecf00000,0x00000000ee680000)
 ParOldGen       total 150528K, used 49098K [0x00000000a0000000, 0x00000000a9300000, 0x00000000e0000000)
  object space 150528K, 32% used [0x00000000a0000000,0x00000000a2ff2b00,0x00000000a9300000)
 Metaspace       used 60891K, capacity 64072K, committed 64384K, reserved 1105920K
  class space    used 8153K, capacity 8764K, committed 8832K, reserved 1048576K
Event: 6113.599 GC heap after
Heap after GC invocations=20 (full 3):
 PSYoungGen      total 210432K, used 5409K [0x00000000e0000000, 0x00000000ef700000, 0x0000000100000000)
  eden space 204800K, 0% used [0x00000000e0000000,0x00000000e0000000,0x00000000ec800000)
  from space 5632K, 96% used [0x00000000ecf00000,0x00000000ed4487a8,0x00000000ed480000)
  to   space 24064K, 0% used [0x00000000edf80000,0x00000000edf80000,0x00000000ef700000)
 ParOldGen       total 150528K, used 49098K [0x00000000a0000000, 0x00000000a9300000, 0x00000000e0000000)
  object space 150528K, 32% used [0x00000000a0000000,0x00000000a2ff2b00,0x00000000a9300000)
 Metaspace       used 60891K, capacity 64072K, committed 64384K, reserved 1105920K
  class space    used 8153K, capacity 8764K, committed 8832K, reserved 1048576K
}

Deoptimization events (10 events):
Event: 5427.743 Thread 0x000000001b59e800 Uncommon trap: reason=class_check action=maybe_recompile pc=0x00000000042d07fc method=java.util.concurrent.locks.ReentrantLock.lock()V @ 4
Event: 6107.033 Thread 0x000000001b5a4800 Uncommon trap: reason=predicate action=maybe_recompile pc=0x000000000485b598 method=java.util.TimSort.binarySort([Ljava/lang/Object;IIILjava/util/Comparator;)V @ 37
Event: 6114.286 Thread 0x000000001b5a4800 Uncommon trap: reason=null_check action=make_not_entrant pc=0x000000000486cef0 method=org.gradle.api.internal.collections.CollectionFilter.filter(Ljava/lang/Object;)Ljava/lang/Object; @ 5
Event: 6114.828 Thread 0x000000001b5a4800 Uncommon trap: reason=class_check action=maybe_recompile pc=0x00000000049f2334 method=com.google.common.collect.AbstractMapBasedMultimap$WrappedCollection.refreshIfEmpty()V @ 40
Event: 6114.828 Thread 0x000000001b5a4800 Uncommon trap: reason=class_check action=maybe_recompile pc=0x00000000049f48a0 method=com.google.common.collect.AbstractMapBasedMultimap$WrappedCollection.refreshIfEmpty()V @ 40
Event: 6114.828 Thread 0x000000001b5a4800 Uncommon trap: reason=class_check action=maybe_recompile pc=0x00000000049f75c0 method=com.google.common.collect.AbstractMapBasedMultimap$WrappedCollection.refreshIfEmpty()V @ 40
Event: 6114.828 Thread 0x000000001b5a4800 Uncommon trap: reason=class_check action=maybe_recompile pc=0x0000000004a416cc method=com.google.common.collect.AbstractMapBasedMultimap$WrappedCollection.refreshIfEmpty()V @ 40
Event: 6114.828 Thread 0x000000001b5a4800 Uncommon trap: reason=class_check action=maybe_recompile pc=0x00000000049f75c0 method=com.google.common.collect.AbstractMapBasedMultimap$WrappedCollection.refreshIfEmpty()V @ 40
Event: 6115.856 Thread 0x000000001b5a4800 Uncommon trap: reason=unstable_if action=reinterpret pc=0x00000000046d8a88 method=org.codehaus.groovy.util.ReferenceManager$CallBackedManager.removeStallEntries0(Ljava/lang/ref/ReferenceQueue;)V @ 6
Event: 6116.239 Thread 0x000000001b5a4800 Uncommon trap: reason=array_check action=maybe_recompile pc=0x00000000048c2c0c method=java.util.TimSort.binarySort([Ljava/lang/Object;IIILjava/util/Comparator;)V @ 215

Internal exceptions (10 events):
Event: 6116.255 Thread 0x000000001b5a4800 Exception <a 'java/lang/ClassNotFoundException': com/google/common/collect/ArrayListMultimapBeanInfo> (0x00000000e63225a8) thrown at [C:\src\android\AOSP-openjdk\external\jetbrains\jdk\hotspot\src\share\vm\classfile\systemDictionary.cpp, line 210]
Event: 6116.255 Thread 0x000000001b5a4800 Exception <a 'java/lang/ClassNotFoundException': com/google/common/collect/AbstractListMultimapBeanInfo> (0x00000000e632d310) thrown at [C:\src\android\AOSP-openjdk\external\jetbrains\jdk\hotspot\src\share\vm\classfile\systemDictionary.cpp, line 210]
Event: 6116.256 Thread 0x000000001b5a4800 Exception <a 'java/lang/ClassNotFoundException': com/google/common/collect/AbstractMapBasedMultimapBeanInfo> (0x00000000e6338570) thrown at [C:\src\android\AOSP-openjdk\external\jetbrains\jdk\hotspot\src\share\vm\classfile\systemDictionary.cpp, line 210]
Event: 6116.256 Thread 0x000000001b5a4800 Exception <a 'java/lang/ClassNotFoundException': com/google/common/collect/AbstractMultimapBeanInfo> (0x00000000e6342998) thrown at [C:\src\android\AOSP-openjdk\external\jetbrains\jdk\hotspot\src\share\vm\classfile\systemDictionary.cpp, line 210]
Event: 6116.256 Thread 0x000000001b5a4800 Exception <a 'java/lang/ClassNotFoundException': com/google/common/collect/AbstractMultimapCustomizer> (0x00000000e634d420) thrown at [C:\src\android\AOSP-openjdk\external\jetbrains\jdk\hotspot\src\share\vm\classfile\systemDictionary.cpp, line 210]
Event: 6116.258 Thread 0x000000001b5a4800 Exception <a 'java/lang/ClassNotFoundException': com/google/common/collect/AbstractMapBasedMultimapCustomizer> (0x00000000e6373098) thrown at [C:\src\android\AOSP-openjdk\external\jetbrains\jdk\hotspot\src\share\vm\classfile\systemDictionary.cpp, line 210]ÈPzCB‰∑@
Event: 6116.259 Thread 0x000000001b5a4800 Exception <a 'java/lang/ClassNotFoundException': com/google/common/collect/AbstractListMultimapCustomizer> (0x00000000e63986e0) thrown at [C:\src\android\AOSP-openjdk\external\jetbrains\jdk\hotspot\src\share\vm\classfile\systemDictionary.cpp, line 210]
Event: 6116.260 Thread 0x000000001b5a4800 Exception <a 'java/lang/ClassNotFoundException': com/google/common/collect/ArrayListMultimapCustomizer> (0x00000000e63bae48) thrown at [C:\src\android\AOSP-openjdk\external\jetbrains\jdk\hotspot\src\share\vm\classfile\systemDictionary.cpp, line 210]
Event: 6116.273 Thread 0x000000001b5a4800 Exception <a 'java/lang/ClassNotFoundException': org/jetbrains/plugins/gradle/tooling/util/ModuleComponentIdentifierImplBeanInfo> (0x00000000e644e4e8) thrown at [C:\src\android\AOSP-openjdk\external\jetbrains\jdk\hotspot\src\share\vm\classfile\systemDictioÈ∏x‡E‰∑@
Event: 6116.273 Thread 0x000000001b5a4800 Exception <a 'java/lang/ClassNotFoundException': org/jetbrains/plugins/gradle/tooling/util/ModuleComponentIdentifierImplCustomizer> (0x00000000e645cd48) thrown at [C:\src\android\AOSP-openjdk\external\jetbrains\jdk\hotspot\src\share\vm\classfile\systemDictQ6A‰∑@

Events (10 events):
Event: 6116.271 loading class groovy/runtime/metaclass/org/jetbrains/plugins/gradle/tooling/util/ModuleComponentIdentifierImplMetaClass
Event: 6116.271 loading class groovy/runtime/metaclass/org/jetbrains/plugins/gradle/tooling/util/ModuleComponentIdentifierImplMetaClass done
Event: 6116.272 loading class org/jetbrains/plugins/gradle/tooling/util/ModuleComponentIdentifierImplBeanInfo
Event: 6116.272 loading class org/jetbrains/plugins/gradle/tooling/util/ModuleComponentIdentifierImplBeanInfo done
Event: 6116.272 loading class org/jetbrains/plugins/gradle/tooling/util/ModuleComponentIdentifierImplBeanInfo
Event: 6116.272 loading class org/jetbrains/plugins/gradle/tooling/util/ModuleComponentIdentifierImplBeanInfo done
Event: 6116.273 loading class org/jetbrains/plugins/gradle/tooling/util/ModuleComponentIdentifierImplCustomizer
Event: 6116.273 loading class org/jetbrains/plugins/gradle/tooling/util/ModuleComponentIdentifierImplCustomizer done
Event: 6116.273 loading class org/jetbrains/plugins/gradle/tooling/util/ModuleComponentIdentifierImplCustomizer
Event: 6116.273 loading class org/jetbrains/plugins/gradle/tooling/util/ModuleComponentIdentifierImplCustomizer done


Dynamic libraries:
0x00007ff7669f0000 - 0x00007ff766a21000 	C:\Program Files\Android\Android Studio\jre\bin\java.exe
0x00007ffe186c0000 - 0x00007ffe18882000 	C:\Windows\SYSTEM32\ntdll.dll
0x00007ffe185f0000 - 0x00007ffe1869d000 	C:\Windows\system32\KERNEL32.DLL
0x00007ffe0e470000 - 0x00007ffe0e4a3000 	C:\Program Files\AVAST Software\Avast\x64\aswhooka.dll
0x00007ffe15bb0000 - 0x00007ffe15d8d000 	C:\Windows\system32\KERNELBASE.dll
0x00007ffe17960000 - 0x00007ffe17a06000 	C:\Windows\system32\ADVAPI32.dll
0x00007ffe17f30000 - 0x00007ffe17fcd000 	C:\Windows\system32\msvcrt.dll
0x00007ffe17fd0000 - 0x00007ffe1802b000 	C:\Windows\system32\sechost.dll
0x00007ffe18080000 - 0x00007ffe181a6000 	C:\Windows\system32\RPCRT4.dll
0x00007ffe17740000 - 0x00007ffe1788e000 	C:\Windows\system32\USER32.dll
0x00007ffe18460000 - 0x00007ffe185e5000 	C:\Windows\system32\GDI32.dll
0x00007ffe05fe0000 - 0x00007ffe06254000 	C:\Windows\WinSxS\amd64_microsoft.windows.common-controls_6595b64144ccf1df_6.0.10240.16384_none_f41f7b285750ef43\COMCTL32.dll
0x00007ffe18030000 - 0x00007ffe18066000 	C:\Windows\system32\IMM32.DLL
0x00007ffe182f0000 - 0x00007ffe1844c000 	C:\Windows\system32\MSCTF.dll
0x000000005e7d0000 - 0x000000005e8a2000 	C:\Program Files\Android\Android Studio\jre\jre\bin\msvcr100.dll
0x000000005e8b0000 - 0x000000005f0ec000 	C:\Program Files\Android\Android Studio\jre\jre\bin\server\jvm.dll
0x00007ffe18450000 - 0x00007ffe18458000 	C:\Windows\system32\PSAPI.DLL
0x00007ffe09970000 - 0x00007ffe09979000 	C:\Windows\SYSTEM32\WSOCK32.dll
0x00007ffe17ec0000 - 0x00007ffe17f29000 	C:\Windows\system32\WS2_32.dll
0x00007ffe18070000 - 0x00007ffe18078000 	C:\Windows\system32\NSI.dll
0x00007ffe0a180000 - 0x00007ffe0a1a3000 	C:\Windows\SYSTEM32\WINMM.dll
0x00007ffe11730000 - 0x00007ffe1173a000 	C:\Windows\SYSTEM32\VERSION.dll
0x00007ffe09dd0000 - 0x00007ffe09dfc000 	C:\Windows\SYSTEM32\WINMMBASE.dll
0x00007ffe151f0000 - 0x00007ffe15234000 	C:\Windows\system32\cfgmgr32.dll
0x00007ffe13a60000 - 0x00007ffe13a87000 	C:\Windows\SYSTEM32\DEVOBJ.dll
0x00007ffe0adc0000 - 0x00007ffe0adcf000 	C:\Program Files\Android\Android Studio\jre\jre\bin\verify.dll
0x00007ffe0ad90000 - 0x00007ffe0adb9000 	C:\Program Files\Android\Android Studio\jre\jre\bin\java.dll
0x00007ffe0ad70000 - 0x00007ffe0ad86000 	C:\Program Files\Android\Android Studio\jre\jre\bin\zip.dll
0x00007ffe15e40000 - 0x00007ffe17365000 	C:\Windows\system32\SHELL32.dll
0x00007ffe153b0000 - 0x00007ffe159d8000 	C:\Windows\system32\windows.storage.dll
0x00007ffe17a70000 - 0x00007ffe17cec000 	C:\Windows\system32\combase.dll
0x00007ffe181b0000 - 0x00007ffe18201000 	C:\Windows\system32\shlwapi.dll
0x00007ffe15110000 - 0x00007ffe1511f000 	C:\Windows\system32\kernel.appcore.dll
0x00007ffe15240000 - 0x00007ffe152f3000 	C:\Windows\system32\shcore.dll
0x00007ffe15120000 - 0x00007ffe1516a000 	C:\Windows\system32\powrprof.dll
0x00007ffe150f0000 - 0x00007ffe15103000 	C:\Windows\system32\profapi.dll
0x00007ffe08d40000 - 0x00007ffe08d5a000 	C:\Program Files\Android\Android Studio\jre\jre\bin\net.dll
0x00007ffe14960000 - 0x00007ffe149bd000 	C:\Windows\system32\mswsock.dll
0x00007ffe05f70000 - 0x00007ffe05f81000 	C:\Program Files\Android\Android Studio\jre\jre\bin\nio.dll
0x00007ffe0e610000 - 0x00007ffe0e62e000 	C:\Users\SOW_B\.gradle\native\23\windows-amd64\native-platform.dll
0x00007ffe149c0000 - 0x00007ffe149d7000 	C:\Windows\SYSTEM32\CRYPTSP.dll
0x00007ffe15020000 - 0x00007ffe15048000 	C:\Windows\SYSTEM32\bcrypt.dll
0x00007ffe14610000 - 0x00007ffe14643000 	C:\Windows\system32\rsaenh.dll
0x00007ffe14700000 - 0x00007ffe1471f000 	C:\Windows\SYSTEM32\USERENV.dll
0x00007ffe14f10000 - 0x00007ffe14f7b000 	C:\Windows\system32\bcryptprimitives.dll
0x00007ffe14b30000 - 0x00007ffe14b3b000 	C:\Windows\SYSTEM32\CRYPTBASE.dll
0x00007ffe10e80000 - 0x00007ffe10eb8000 	C:\Windows\SYSTEM32\IPHLPAPI.DLL
0x00007ffe10e60000 - 0x00007ffe10e6b000 	C:\Windows\SYSTEM32\WINNSI.DLL
0x00007ffe10270000 - 0x00007ffe10286000 	C:\Windows\SYSTEM32\dhcpcsvc6.DLL
0x00007ffe10290000 - 0x00007ffe102aa000 	C:\Windows\SYSTEM32\dhcpcsvc.DLL
0x00007ffe05f60000 - 0x00007ffe05f6d000 	C:\Program Files\Android\Android Studio\jre\jre\bin\management.dll

VM Arguments:
jvm_args: -Xmx1536m -Dfile.encoding=windows-1252 -Duser.country=FR -Duser.language=fr -Duser.variant 
java_command: org.gradle.launcher.daemon.bootstrap.GradleDaemon 3.3
java_class_path (initial): C:\Users\SOW_B\.gradle\wrapper\dists\gradle-3.3-all\55gk2rcmfc6p2dg9u9ohc3hw9\gradle-3.3\lib\gradle-launcher-3.3.jar
Launcher Type: SUN_STANDARD

Environment Variables:
JAVA_HOME=C:\Program Files\Java\jdk1.8.0_101
CLASSPATH=C:\Users\SOW_B\workspace\rmiBase\bin
PATH=D:\oracle\product\10.2.0\db_2\bin;C:\ProgramData\Oracle\Java\javapath;C:\Windows\system32;C:\Windows;C:\Windows\System32\Wbem;C:\Windows\System32\WindowsPowerShell\v1.0\;C:\Program Files\Java\jdk1.8.0_101\jre\bin;C:\Program Files\PostgreSQL\9.5\bin;C:\Program Files\Java\jdk1.8.0_101\bin;C:\wamp\bin\php\php5.5.12\ext;c:\Program Files (x86)\Microsoft SQL Server\100\Tools\Binn\;c:\Program Files\Microsoft SQL Server\100\Tools\Binn\;c:\Program Files\Microsoft SQL Server\100\DTS\Binn\;c:\Program Files (x86)\Microsoft SQL Server\100\Tools\Binn\VSShell\Common7\IDE\;c:\Program Files (x86)\Microsoft SQL Server\100\DTS\Binn\;C:\Program Files (x86)\Microsoft Visual Studio 9.0\Common7\IDE\PrivateAssemblies\;C:\youtube-dl;C:\Program Files (x86)\MySQL\MySQL Server 5.2\bin;C:\Users\SOW_B\.gradle\wrapper\dists;C:\Program Files\MySQL\MySQL Server 5.7\bin;C:\Program Files (x86)\MySQL\MySQL Server 5.1\bin;C:\Program Files\Git\cmd
USERNAME=SOW_B
OS=Windows_NT
PROCESSOR_IDENTIFIER=Intel64 Family 6 Model 58 Stepping 9, GenuineIntel



---------------  S Y S T E M  ---------------

OS: Windows 10.0 , 64 bit Build 10240 (10.0.10240.16384)

CPU:total 4 (4 cores per cpu, 2 threads per core) family 6 model 58 stepping 9, cmov, cx8, fxsr, mmx, sse, sse2, sse3, ssse3, sse4.1, sse4.2, popcnt, avx, aes, clmul, erms, ht, tsc, tscinvbit, tscinv

Memory: 4k page, physical 8284520k(2491636k free), swap 11150016k(5244k free)

vm_info: OpenJDK 64-Bit Server VM (25.112-b06) for windows-amd64 JRE (1.8.0_112-release-b06), built on Dec  8 2016 00:54:26 by "builder" with MS VC++ 10.0 (VS2010)

time: Wed Aug 02 04:46:41 2017
elapsed time: 6116 seconds (0d 1h 41m 56s)

