#
# There is insufficient memory for the Java Runtime Environment to continue.
# Native memory allocation (malloc) failed to allocate 32744 bytes for ChunkPool::allocate
# Possible reasons:
#   The system is out of physical RAM or swap space
#   In 32 bit mode, the process size limit was hit
# Possible solutions:
#   Reduce memory load on the system
#   Increase physical memory or swap space
#   Check if swap backing store is full
#   Use 64 bit Java on a 64 bit OS
#   Decrease Java heap size (-Xmx/-Xms)
#   Decrease number of Java threads
#   Decrease Java thread stack sizes (-Xss)
#   Set larger code cache with -XX:ReservedCodeCacheSize=
# This output file may be truncated or incomplete.
#
#  Out of Memory Error (allocation.cpp:273), pid=6832, tid=0x00000000000005fc
#
# JRE version: OpenJDK Runtime Environment (8.0_112-b06) (build 1.8.0_112-release-b06)
# Java VM: OpenJDK 64-Bit Server VM (25.112-b06 mixed mode windows-amd64 compressed oops)
# Failed to write core dump. Minidumps are not enabled by default on client versions of Windows
#

---------------  T H R E A D  ---------------

Current thread (0x0000000015a0a000):  JavaThread "C2 CompilerThread0" daemon [_thread_in_native, id=1532, stack(0x0000000017060000,0x0000000017160000)]

Stack: [0x0000000017060000,0x0000000017160000]
[error occurred during error reporting (printing stack bounds), id 0xc0000005]

Native frames: (J=compiled Java code, j=interpreted, Vv=VM code, C=native code)


Current CompileTask:
C2:   3455 1478   !   4       java.net.URLClassLoader$1::run (63 bytes)


---------------  P R O C E S S  ---------------

Java Threads: ( => current thread )
  0x00000000193e3000 JavaThread "File lock request listener" [_thread_in_native, id=5996, stack(0x000000001b380000,0x000000001b480000)]
  0x0000000018884000 JavaThread "Stdin handler" [_thread_blocked, id=4132, stack(0x000000001b080000,0x000000001b180000)]
  0x0000000018ff9000 JavaThread "Asynchronous log dispatcher for DefaultDaemonConnection: socket connection from /127.0.0.1:53341 to /127.0.0.1:53342" [_thread_blocked, id=7000, stack(0x000000001af80000,0x000000001b080000)]
  0x0000000018598800 JavaThread "Daemon worker" [_thread_in_vm, id=2716, stack(0x000000001ae80000,0x000000001af80000)]
  0x0000000018597000 JavaThread "Cancel handler" [_thread_blocked, id=784, stack(0x000000001ad80000,0x000000001ae80000)]
  0x000000001859d000 JavaThread "pool-1-thread-1" [_thread_blocked, id=2884, stack(0x000000001ac80000,0x000000001ad80000)]
  0x0000000018cf2000 JavaThread "Handler for socket connection from /127.0.0.1:53341 to /127.0.0.1:53342" [_thread_in_native, id=6848, stack(0x000000001ab80000,0x000000001ac80000)]
  0x000000001883a800 JavaThread "Daemon" [_thread_blocked, id=2364, stack(0x000000001aa80000,0x000000001ab80000)]
  0x0000000018885000 JavaThread "Incoming local TCP Connector on port 53341" [_thread_in_native, id=1208, stack(0x0000000019130000,0x0000000019230000)]
  0x0000000015a05800 JavaThread "Service Thread" daemon [_thread_blocked, id=7056, stack(0x0000000017760000,0x0000000017860000)]
  0x0000000015a02800 JavaThread "C1 CompilerThread2" daemon [_thread_blocked, id=2796, stack(0x0000000017260000,0x0000000017360000)]
  0x00000000159fb000 JavaThread "C2 CompilerThread1" daemon [_thread_in_native, id=6600, stack(0x0000000017160000,0x0000000017260000)]
=>0x0000000015a0a000 JavaThread "C2 CompilerThread0" daemon [_thread_in_native, id=1532, stack(0x0000000017060000,0x0000000017160000)]
  0x0000000015a08000 JavaThread "Attach Listener" daemon [_thread_blocked, id=892, stack(0x0000000016f60000,0x0000000017060000)]
  0x0000000015a07000 JavaThread "Signal Dispatcher" daemon [_thread_blocked, id=6204, stack(0x0000000016e60000,0x0000000016f60000)]
  0x00000000159e8800 JavaThread "Finalizer" daemon [_thread_blocked, id=3484, stack(0x0000000016c50000,0x0000000016d50000)]
  0x00000000159c7000 JavaThread "Reference Handler" daemon [_thread_blocked, id=5164, stack(0x0000000016b50000,0x0000000016c50000)]
  0x0000000001f91000 JavaThread "main" [_thread_blocked, id=6072, stack(0x0000000001e50000,0x0000000001f50000)]

Other Threads:
  0x00000000159c5800 VMThread [stack: 0x0000000016a50000,0x0000000016b50000] [id=1616]
  0x0000000017388800 WatcherThread [stack: 0x0000000017860000,0x0000000017960000] [id=2544]

VM state:not at safepoint (normal execution)

VM Mutex/Monitor currently owned by a thread: None

Heap:
 PSYoungGen      total 38400K, used 38292K [0x00000000e0000000, 0x00000000e2a80000, 0x0000000100000000)
  eden space 33280K, 99% used [0x00000000e0000000,0x00000000e2068d60,0x00000000e2080000)
  from space 5120K, 99% used [0x00000000e2580000,0x00000000e2a7c598,0x00000000e2a80000)
  to   space 5120K, 0% used [0x00000000e2080000,0x00000000e2080000,0x00000000e2580000)
 ParOldGen       total 87552K, used 875K [0x00000000a0000000, 0x00000000a5580000, 0x00000000e0000000)
  object space 87552K, 0% used [0x00000000a0000000,0x00000000a00dadb8,0x00000000a5580000)
 Metaspace       used 16652K, capacity 17006K, committed 17024K, reserved 1064960K
  class space    used 2311K, capacity 2432K, committed 2432K, reserved 1048576K

Card table byte_map: [0x0000000011450000,0x0000000011760000] byte_map_base: 0x0000000010f50000

Marking Bits: (ParMarkBitMap*) 0x000000005f0718f0
 Begin Bits: [0x0000000011d60000, 0x0000000013560000)
 End Bits:   [0x0000000013560000, 0x0000000014d60000)

Polling page: 0x0000000001e10000

CodeCache: size=245760Kb used=5190Kb max_used=5190Kb free=240569Kb
 bounds [0x0000000002090000, 0x00000000025b0000, 0x0000000011090000]
 total_blobs=1879 nmethods=1486 adapters=306
 compilation: enabled

Compilation events (10 events):
Event: 3.399 Thread 0x0000000015a02800 1486       3       java.util.StringTokenizer::setMaxDelimCodePoint (156 bytes)
Event: 3.400 Thread 0x0000000015a02800 nmethod 1486 0x00000000025a2010 code [0x00000000025a2200, 0x00000000025a2ce8]
Event: 3.404 Thread 0x0000000015a02800 1487       3       java.lang.AbstractStringBuilder::append (50 bytes)
Event: 3.405 Thread 0x0000000015a02800 nmethod 1487 0x00000000025a3110 code [0x00000000025a32e0, 0x00000000025a3a38]
Event: 3.408 Thread 0x0000000015a02800 1488       3       java.lang.Integer::numberOfLeadingZeros (76 bytes)
Event: 3.409 Thread 0x0000000015a02800 nmethod 1488 0x00000000025a3d50 code [0x00000000025a3ec0, 0x00000000025a4170]
Event: 3.413 Thread 0x0000000015a02800 1489       3       java.util.regex.Pattern$Ctype::isSatisfiedBy (24 bytes)
Event: 3.413 Thread 0x0000000015a02800 nmethod 1489 0x00000000025a41d0 code [0x00000000025a4340, 0x00000000025a46d0]
Event: 3.413 Thread 0x0000000015a02800 1490       3       java.util.regex.Pattern$5::isSatisfiedBy (28 bytes)
Event: 3.414 Thread 0x0000000015a02800 nmethod 1490 0x00000000025a4850 code [0x00000000025a49e0, 0x00000000025a4d78]

GC Heap History (4 events):
Event: 1.147 GC heap before
{Heap before GC invocations=1 (full 0):
 PSYoungGen      total 38400K, used 33280K [0x00000000e0000000, 0x00000000e2a80000, 0x0000000100000000)
  eden space 33280K, 100% used [0x00000000e0000000,0x00000000e2080000,0x00000000e2080000)
  from space 5120K, 0% used [0x00000000e2580000,0x00000000e2580000,0x00000000e2a80000)
  to   space 5120K, 0% used [0x00000000e2080000,0x00000000e2080000,0x00000000e2580000)
 ParOldGen       total 87552K, used 0K [0x00000000a0000000, 0x00000000a5580000, 0x00000000e0000000)
  object space 87552K, 0% used [0x00000000a0000000,0x00000000a0000000,0x00000000a5580000)
 Metaspace       used 6809K, capacity 7028K, committed 7040K, reserved 1056768K
  class space    used 832K, capacity 892K, committed 896K, reserved 1048576K
Event: 1.153 GC heap after
Heap after GC invocations=1 (full 0):
 PSYoungGen      total 38400K, used 4320K [0x00000000e0000000, 0x00000000e2a80000, 0x0000000100000000)
  eden space 33280K, 0% used [0x00000000e0000000,0x00000000e0000000,0x00000000e2080000)
  from space 5120K, 84% used [0x00000000e2080000,0x00000000e24b81b8,0x00000000e2580000)
  to   space 5120K, 0% used [0x00000000e2580000,0x00000000e2580000,0x00000000e2a80000)
 ParOldGen       total 87552K, used 8K [0x00000000a0000000, 0x00000000a5580000, 0x00000000e0000000)
  object space 87552K, 0% used [0x00000000a0000000,0x00000000a0002000,0x00000000a5580000)
 Metaspace       used 6809K, capacity 7028K, committed 7040K, reserved 1056768K
  class space    used 832K, capacity 892K, committed 896K, reserved 1048576K
}
Event: 2.469 GC heap before
{Heap before GC invocations=2 (full 0):
 PSYoungGen      total 38400K, used 37600K [0x00000000e0000000, 0x00000000e2a80000, 0x0000000100000000)
  eden space 33280K, 100% used [0x00000000e0000000,0x00000000e2080000,0x00000000e2080000)
  from space 5120K, 84% used [0x00000000e2080000,0x00000000e24b81b8,0x00000000e2580000)
  to   space 5120K, 0% used [0x00000000e2580000,0x00000000e2580000,0x00000000e2a80000)
 ParOldGen       total 87552K, used 8K [0x00000000a0000000, 0x00000000a5580000, 0x00000000e0000000)
  object space 87552K, 0% used [0x00000000a0000000,0x00000000a0002000,0x00000000a5580000)
 Metaspace       used 13148K, capacity 13522K, committed 13696K, reserved 1060864K
  class space    used 1740K, capacity 1874K, committed 1920K, reserved 1048576K
Event: 2.477 GC heap after
Heap after GC invocations=2 (full 0):
 PSYoungGen      total 38400K, used 5105K [0x00000000e0000000, 0x00000000e2a80000, 0x0000000100000000)
  eden space 33280K, 0% used [0x00000000e0000000,0x00000000e0000000,0x00000000e2080000)
  from space 5120K, 99% used [0x00000000e2580000,0x00000000e2a7c598,0x00000000e2a80000)
  to   space 5120K, 0% used [0x00000000e2080000,0x00000000e2080000,0x00000000e2580000)
 ParOldGen       total 87552K, used 875K [0x00000000a0000000, 0x00000000a5580000, 0x00000000e0000000)
  object space 87552K, 0% used [0x00000000a0000000,0x00000000a00dadb8,0x00000000a5580000)
 Metaspace       used 13148K, capacity 13522K, committed 13696K, reserved 1060864K
  class space    used 1740K, capacity 1874K, committed 1920K, reserved 1048576K
}

Deoptimization events (10 events):
Event: 2.646 Thread 0x0000000018598800 Uncommon trap: reason=class_check action=maybe_recompile pc=0x00000000022fc35c method=java.util.regex.Matcher.match(II)Z @ 86
Event: 2.968 Thread 0x0000000018598800 Uncommon trap: reason=unstable_if action=reinterpret pc=0x00000000021e2a88 method=java.net.URI.match(CJJ)Z @ 19
Event: 2.968 Thread 0x0000000018598800 Uncommon trap: reason=unstable_if action=reinterpret pc=0x0000000002324680 method=java.net.URI.match(CJJ)Z @ 19
Event: 3.259 Thread 0x0000000018598800 Uncommon trap: reason=bimorphic action=maybe_recompile pc=0x000000000250c928 method=java.lang.ClassLoader.loadClass(Ljava/lang/String;Z)Ljava/lang/Class; @ 38
Event: 3.263 Thread 0x0000000018598800 Uncommon trap: reason=bimorphic action=maybe_recompile pc=0x000000000250c928 method=java.lang.ClassLoader.loadClass(Ljava/lang/String;Z)Ljava/lang/Class; @ 38
Event: 3.264 Thread 0x0000000018598800 Uncommon trap: reason=bimorphic action=maybe_recompile pc=0x000000000250c928 method=java.lang.ClassLoader.loadClass(Ljava/lang/String;Z)Ljava/lang/Class; @ 38
Event: 3.264 Thread 0x0000000018598800 Uncommon trap: reason=bimorphic action=maybe_recompile pc=0x000000000250c928 method=java.lang.ClassLoader.loadClass(Ljava/lang/String;Z)Ljava/lang/Class; @ 38
Event: 3.390 Thread 0x0000000018598800 Uncommon trap: reason=predicate action=maybe_recompile pc=0x000000000257d308 method=sun.security.provider.DigestBase.implCompressMultiBlock([BII)I @ 5
Event: 3.397 Thread 0x0000000018598800 Uncommon trap: reason=unstable_if action=reinterpret pc=0x00000000023646d0 method=java.lang.AbstractStringBuilder.append(Ljava/lang/String;)Ljava/lang/AbstractStringBuilder; @ 1
Event: 3.398 Thread 0x0000000018598800 Uncommon trap: reason=unstable_if action=reinterpret pc=0x00000000022b4a90 method=java.lang.AbstractStringBuilder.append(Ljava/lang/String;)Ljava/lang/AbstractStringBuilder; @ 1

Internal exceptions (10 events):
Event: 3.048 Thread 0x0000000018598800 Exception <a 'java/lang/NoSuchMethodError': <clinit>> (0x00000000e1b1be70) thrown at [C:\src\android\AOSP-openjdk\external\jetbrains\jdk\hotspot\src\share\vm\prims\jni.cpp, line 1613]
Event: 3.050 Thread 0x0000000018598800 Exception <a 'java/lang/NoSuchMethodError': <clinit>> (0x00000000e1b28150) thrown at [C:\src\android\AOSP-openjdk\external\jetbrains\jdk\hotspot\src\share\vm\prims\jni.cpp, line 1613]
Event: 3.050 Thread 0x0000000018598800 Exception <a 'java/lang/NoSuchMethodError': <clinit>> (0x00000000e1b325c0) thrown at [C:\src\android\AOSP-openjdk\external\jetbrains\jdk\hotspot\src\share\vm\prims\jni.cpp, line 1613]
Event: 3.266 Thread 0x0000000018598800 Exception <a 'java/lang/NoSuchMethodError': <clinit>> (0x00000000e1c6bb88) thrown at [C:\src\android\AOSP-openjdk\external\jetbrains\jdk\hotspot\src\share\vm\prims\jni.cpp, line 1613]
Event: 3.281 Thread 0x0000000018598800 Exception <a 'java/lang/NoSuchMethodError': <clinit>> (0x00000000e1caf190) thrown at [C:\src\android\AOSP-openjdk\external\jetbrains\jdk\hotspot\src\share\vm\prims\jni.cpp, line 1613]
Event: 3.287 Thread 0x0000000018598800 Exception <a 'java/lang/NoSuchMethodError': <clinit>> (0x00000000e1ccdfb0) thrown at [C:\src\android\AOSP-openjdk\external\jetbrains\jdk\hotspot\src\share\vm\prims\jni.cpp, line 1613]
Event: 3.288 Thread 0x0000000018598800 Exception <a 'java/lang/NoSuchMethodError': <clinit>> (0x00000000e1cd88a0) thrown at [C:\src\android\AOSP-openjdk\external\jetbrains\jdk\hotspot\src\share\vm\prims\jni.cpp, line 1613]
Event: 3.293 Thread 0x0000000018598800 Exception <a 'java/lang/NoSuchMethodError': <clinit>> (0x00000000e1cf3830) thrown at [C:\src\android\AOSP-openjdk\external\jetbrains\jdk\hotspot\src\share\vm\prims\jni.cpp, line 1613]
Event: 3.397 Thread 0x0000000018598800 Implicit null exception at 0x0000000002364316 to 0x00000000023646b9
Event: 3.398 Thread 0x0000000018598800 Implicit null exception at 0x00000000022b46d6 to 0x00000000022b4a79

Events (10 events):
Event: 3.409 loading class org/gradle/groovy/scripts/internal/RemappingScriptSource
Event: 3.409 loading class org/gradle/groovy/scripts/internal/RemappingScriptSource done
Event: 3.410 loading class org/gradle/groovy/scripts/internal/FileCacheBackedScriptClassCompiler$ProgressReportingInitializer
Event: 3.410 loading class org/gradle/groovy/scripts/internal/FileCacheBackedScriptClassCompiler$ProgressReportingInitializer done
Event: 3.410 loading class org/gradle/groovy/scripts/internal/FileCacheBackedScriptClassCompiler$RemapBuildScriptsAction
Event: 3.410 loading class org/gradle/groovy/scripts/internal/FileCacheBackedScriptClassCompiler$RemapBuildScriptsAction done
Event: 3.411 loading class org/gradle/groovy/scripts/internal/FileCacheBackedScriptClassCompiler$BuildScriptRemapper
Event: 3.411 loading class org/gradle/groovy/scripts/internal/FileCacheBackedScriptClassCompiler$BuildScriptRemapper done
Event: 3.411 loading class org/objectweb/asm/Opcodes
Event: 3.411 loading class org/objectweb/asm/Opcodes done


Dynamic libraries:
0x00007ff7669f0000 - 0x00007ff766a21000 	C:\Program Files\Android\Android Studio\jre\bin\java.exe
0x00007ffe186c0000 - 0x00007ffe18882000 	C:\Windows\SYSTEM32\ntdll.dll
0x00007ffe185f0000 - 0x00007ffe1869d000 	C:\Windows\system32\KERNEL32.DLL
0x00007ffe0e470000 - 0x00007ffe0e4a3000 	C:\Program Files\AVAST Software\Avast\x64\aswhooka.dll
0x00007ffe15bb0000 - 0x00007ffe15d8d000 	C:\Windows\system32\KERNELBASE.dll
0x00007ffe17960000 - 0x00007ffe17a06000 	C:\Windows\system32\ADVAPI32.dll
0x00007ffe17f30000 - 0x00007ffe17fcd000 	C:\Windows\system32\msvcrt.dll
0x00007ffe17fd0000 - 0x00007ffe1802b000 	C:\Windows\system32\sechost.dll
0x00007ffe18080000 - 0x00007ffe181a6000 	C:\Windows\system32\RPCRT4.dll
0x00007ffe17740000 - 0x00007ffe1788e000 	C:\Windows\system32\USER32.dll
0x00007ffe18460000 - 0x00007ffe185e5000 	C:\Windows\system32\GDI32.dll
0x00007ffe05fe0000 - 0x00007ffe06254000 	C:\Windows\WinSxS\amd64_microsoft.windows.common-controls_6595b64144ccf1df_6.0.10240.16384_none_f41f7b285750ef43\COMCTL32.dll
0x00007ffe18030000 - 0x00007ffe18066000 	C:\Windows\system32\IMM32.DLL
0x00007ffe182f0000 - 0x00007ffe1844c000 	C:\Windows\system32\MSCTF.dll
0x000000005e7d0000 - 0x000000005e8a2000 	C:\Program Files\Android\Android Studio\jre\jre\bin\msvcr100.dll
0x000000005e8b0000 - 0x000000005f0ec000 	C:\Program Files\Android\Android Studio\jre\jre\bin\server\jvm.dll
0x00007ffe18450000 - 0x00007ffe18458000 	C:\Windows\system32\PSAPI.DLL
0x00007ffe09970000 - 0x00007ffe09979000 	C:\Windows\SYSTEM32\WSOCK32.dll
0x00007ffe17ec0000 - 0x00007ffe17f29000 	C:\Windows\system32\WS2_32.dll
0x00007ffe18070000 - 0x00007ffe18078000 	C:\Windows\system32\NSI.dll
0x00007ffe0a180000 - 0x00007ffe0a1a3000 	C:\Windows\SYSTEM32\WINMM.dll
0x00007ffe11730000 - 0x00007ffe1173a000 	C:\Windows\SYSTEM32\VERSION.dll
0x00007ffe09dd0000 - 0x00007ffe09dfc000 	C:\Windows\SYSTEM32\WINMMBASE.dll
0x00007ffe151f0000 - 0x00007ffe15234000 	C:\Windows\system32\cfgmgr32.dll
0x00007ffe13a60000 - 0x00007ffe13a87000 	C:\Windows\SYSTEM32\DEVOBJ.dll
0x00007ffe0adc0000 - 0x00007ffe0adcf000 	C:\Program Files\Android\Android Studio\jre\jre\bin\verify.dll
0x00007ffe0ad90000 - 0x00007ffe0adb9000 	C:\Program Files\Android\Android Studio\jre\jre\bin\java.dll
0x00007ffe0ad70000 - 0x00007ffe0ad86000 	C:\Program Files\Android\Android Studio\jre\jre\bin\zip.dll
0x00007ffe15e40000 - 0x00007ffe17365000 	C:\Windows\system32\SHELL32.dll
0x00007ffe153b0000 - 0x00007ffe159d8000 	C:\Windows\system32\windows.storage.dll
0x00007ffe17a70000 - 0x00007ffe17cec000 	C:\Windows\system32\combase.dll
0x00007ffe181b0000 - 0x00007ffe18201000 	C:\Windows\system32\shlwapi.dll
0x00007ffe15110000 - 0x00007ffe1511f000 	C:\Windows\system32\kernel.appcore.dll
0x00007ffe15240000 - 0x00007ffe152f3000 	C:\Windows\system32\shcore.dll
0x00007ffe15120000 - 0x00007ffe1516a000 	C:\Windows\system32\powrprof.dll
0x00007ffe150f0000 - 0x00007ffe15103000 	C:\Windows\system32\profapi.dll
0x00007ffe08d40000 - 0x00007ffe08d5a000 	C:\Program Files\Android\Android Studio\jre\jre\bin\net.dll
0x00007ffe14960000 - 0x00007ffe149bd000 	C:\Windows\system32\mswsock.dll
0x00007ffe05f70000 - 0x00007ffe05f81000 	C:\Program Files\Android\Android Studio\jre\jre\bin\nio.dll
0x00007ffe0e610000 - 0x00007ffe0e62e000 	C:\Users\SOW_B\.gradle\native\23\windows-amd64\native-platform.dll
0x00007ffe149c0000 - 0x00007ffe149d7000 	C:\Windows\SYSTEM32\CRYPTSP.dll
0x00007ffe15020000 - 0x00007ffe15048000 	C:\Windows\SYSTEM32\bcrypt.dll
0x00007ffe14610000 - 0x00007ffe14643000 	C:\Windows\system32\rsaenh.dll
0x00007ffe14700000 - 0x00007ffe1471f000 	C:\Windows\SYSTEM32\USERENV.dll
0x00007ffe14f10000 - 0x00007ffe14f7b000 	C:\Windows\system32\bcryptprimitives.dll
0x00007ffe14b30000 - 0x00007ffe14b3b000 	C:\Windows\SYSTEM32\CRYPTBASE.dll
0x00007ffe10e80000 - 0x00007ffe10eb8000 	C:\Windows\SYSTEM32\IPHLPAPI.DLL
0x00007ffe10e60000 - 0x00007ffe10e6b000 	C:\Windows\SYSTEM32\WINNSI.DLL
0x00007ffe10270000 - 0x00007ffe10286000 	C:\Windows\SYSTEM32\dhcpcsvc6.DLL
0x00007ffe10290000 - 0x00007ffe102aa000 	C:\Windows\SYSTEM32\dhcpcsvc.DLL
0x00007ffe05f60000 - 0x00007ffe05f6d000 	C:\Program Files\Android\Android Studio\jre\jre\bin\management.dll

VM Arguments:
jvm_args: -Xmx1536m -Dfile.encoding=windows-1252 -Duser.country=FR -Duser.language=fr -Duser.variant 
java_command: org.gradle.launcher.daemon.bootstrap.GradleDaemon 3.3
java_class_path (initial): C:\Users\SOW_B\.gradle\wrapper\dists\gradle-3.3-all\55gk2rcmfc6p2dg9u9ohc3hw9\gradle-3.3\lib\gradle-launcher-3.3.jar
Launcher Type: SUN_STANDARD

Environment Variables:
JAVA_HOME=C:\Program Files\Java\jdk1.8.0_101
CLASSPATH=C:\Users\SOW_B\workspace\rmiBase\bin
PATH=D:\oracle\product\10.2.0\db_2\bin;C:\ProgramData\Oracle\Java\javapath;C:\Windows\system32;C:\Windows;C:\Windows\System32\Wbem;C:\Windows\System32\WindowsPowerShell\v1.0\;C:\Program Files\Java\jdk1.8.0_101\jre\bin;C:\Program Files\PostgreSQL\9.5\bin;C:\Program Files\Java\jdk1.8.0_101\bin;C:\wamp\bin\php\php5.5.12\ext;c:\Program Files (x86)\Microsoft SQL Server\100\Tools\Binn\;c:\Program Files\Microsoft SQL Server\100\Tools\Binn\;c:\Program Files\Microsoft SQL Server\100\DTS\Binn\;c:\Program Files (x86)\Microsoft SQL Server\100\Tools\Binn\VSShell\Common7\IDE\;c:\Program Files (x86)\Microsoft SQL Server\100\DTS\Binn\;C:\Program Files (x86)\Microsoft Visual Studio 9.0\Common7\IDE\PrivateAssemblies\;C:\youtube-dl;C:\Program Files (x86)\MySQL\MySQL Server 5.2\bin;C:\Users\SOW_B\.gradle\wrapper\dists;C:\Program Files\MySQL\MySQL Server 5.7\bin;C:\Program Files (x86)\MySQL\MySQL Server 5.1\bin;C:\Program Files\Git\cmd
USERNAME=SOW_B
OS=Windows_NT
PROCESSOR_IDENTIFIER=Intel64 Family 6 Model 58 Stepping 9, GenuineIntel



---------------  S Y S T E M  ---------------

OS: Windows 10.0 , 64 bit Build 10240 (10.0.10240.16384)

CPU:total 4 (4 cores per cpu, 2 threads per core) family 6 model 58 stepping 9, cmov, cx8, fxsr, mmx, sse, sse2, sse3, ssse3, sse4.1, sse4.2, popcnt, avx, aes, clmul, erms, ht, tsc, tscinvbit, tscinv

Memory: 4k page, physical 8284520k(2282012k free), swap 11153244k(288k free)

vm_info: OpenJDK 64-Bit Server VM (25.112-b06) for windows-amd64 JRE (1.8.0_112-release-b06), built on Dec  8 2016 00:54:26 by "builder" with MS VC++ 10.0 (VS2010)

time: Wed Aug 02 04:53:45 2017
elapsed time: 3 seconds (0d 0h 0m 3s)

