#
# There is insufficient memory for the Java Runtime Environment to continue.
# Native memory allocation (malloc) failed to allocate 2249776 bytes for Chunk::new
# Possible reasons:
#   The system is out of physical RAM or swap space
#   In 32 bit mode, the process size limit was hit
# Possible solutions:
#   Reduce memory load on the system
#   Increase physical memory or swap space
#   Check if swap backing store is full
#   Use 64 bit Java on a 64 bit OS
#   Decrease Java heap size (-Xmx/-Xms)
#   Decrease number of Java threads
#   Decrease Java thread stack sizes (-Xss)
#   Set larger code cache with -XX:ReservedCodeCacheSize=
# This output file may be truncated or incomplete.
#
#  Out of Memory Error (allocation.cpp:390), pid=4856, tid=0x0000000000000418
#
# JRE version: OpenJDK Runtime Environment (8.0_112-b06) (build 1.8.0_112-release-b06)
# Java VM: OpenJDK 64-Bit Server VM (25.112-b06 mixed mode windows-amd64 compressed oops)
# Failed to write core dump. Minidumps are not enabled by default on client versions of Windows
#

---------------  T H R E A D  ---------------

Current thread (0x0000000015d7b800):  JavaThread "C2 CompilerThread1" daemon [_thread_in_native, id=1048, stack(0x00000000174f0000,0x00000000175f0000)]

Stack: [0x00000000174f0000,0x00000000175f0000]
[error occurred during error reporting (printing stack bounds), id 0xc0000005]

Native frames: (J=compiled Java code, j=interpreted, Vv=VM code, C=native code)


Current CompileTask:
C2:   3339 1350   !   4       java.net.URLClassLoader$1::run (63 bytes)


---------------  P R O C E S S  ---------------

Java Threads: ( => current thread )
  0x000000001acc6800 JavaThread "File lock request listener" [_thread_in_native, id=612, stack(0x000000001c6d0000,0x000000001c7d0000)]
  0x00000000192db000 JavaThread "Stdin handler" [_thread_blocked, id=3692, stack(0x000000001a430000,0x000000001a530000)]
  0x00000000192c4800 JavaThread "Asynchronous log dispatcher for DefaultDaemonConnection: socket connection from /127.0.0.1:53349 to /127.0.0.1:53351" [_thread_blocked, id=6432, stack(0x000000001a330000,0x000000001a430000)]
  0x00000000192c0800 JavaThread "Daemon worker" [_thread_in_vm, id=6824, stack(0x000000001a230000,0x000000001a330000)]
  0x00000000192bd800 JavaThread "Cancel handler" [_thread_blocked, id=5116, stack(0x000000001a130000,0x000000001a230000)]
  0x00000000192df800 JavaThread "pool-1-thread-1" [_thread_blocked, id=4892, stack(0x000000001a030000,0x000000001a130000)]
  0x000000001875e000 JavaThread "Handler for socket connection from /127.0.0.1:53349 to /127.0.0.1:53351" [_thread_in_native, id=3184, stack(0x0000000019f30000,0x000000001a030000)]
  0x0000000018a35800 JavaThread "Daemon" [_thread_blocked, id=6816, stack(0x0000000019e30000,0x0000000019f30000)]
  0x00000000188f5800 JavaThread "Incoming local TCP Connector on port 53349" [_thread_in_native, id=1316, stack(0x00000000194c0000,0x00000000195c0000)]
  0x0000000017718800 JavaThread "Service Thread" daemon [_thread_blocked, id=1708, stack(0x0000000017af0000,0x0000000017bf0000)]
  0x0000000015d72800 JavaThread "C1 CompilerThread2" daemon [_thread_blocked, id=6012, stack(0x00000000175f0000,0x00000000176f0000)]
=>0x0000000015d7b800 JavaThread "C2 CompilerThread1" daemon [_thread_in_native, id=1048, stack(0x00000000174f0000,0x00000000175f0000)]
  0x0000000015d79800 JavaThread "C2 CompilerThread0" daemon [_thread_in_native, id=3000, stack(0x00000000173f0000,0x00000000174f0000)]
  0x0000000015d77000 JavaThread "Attach Listener" daemon [_thread_blocked, id=1872, stack(0x00000000172f0000,0x00000000173f0000)]
  0x0000000015d75800 JavaThread "Signal Dispatcher" daemon [_thread_blocked, id=4908, stack(0x00000000171f0000,0x00000000172f0000)]
  0x00000000023fb800 JavaThread "Finalizer" daemon [_thread_blocked, id=3700, stack(0x0000000016fe0000,0x00000000170e0000)]
  0x00000000023f0800 JavaThread "Reference Handler" daemon [_thread_blocked, id=5936, stack(0x0000000016ee0000,0x0000000016fe0000)]
  0x0000000002301000 JavaThread "main" [_thread_blocked, id=1976, stack(0x0000000002120000,0x0000000002220000)]

Other Threads:
  0x0000000015d36000 VMThread [stack: 0x0000000016de0000,0x0000000016ee0000] [id=5068]
  0x0000000015dce000 WatcherThread [stack: 0x0000000017bf0000,0x0000000017cf0000] [id=840]

VM state:not at safepoint (normal execution)

VM Mutex/Monitor currently owned by a thread: None

Heap:
 PSYoungGen      total 38400K, used 5831K [0x00000000e0000000, 0x00000000e2a80000, 0x0000000100000000)
  eden space 33280K, 2% used [0x00000000e0000000,0x00000000e00b7fb8,0x00000000e2080000)
  from space 5120K, 99% used [0x00000000e2080000,0x00000000e2579e78,0x00000000e2580000)
  to   space 5120K, 0% used [0x00000000e2580000,0x00000000e2580000,0x00000000e2a80000)
 ParOldGen       total 87552K, used 3800K [0x00000000a0000000, 0x00000000a5580000, 0x00000000e0000000)
  object space 87552K, 4% used [0x00000000a0000000,0x00000000a03b6328,0x00000000a5580000)
 Metaspace       used 16740K, capacity 17166K, committed 17408K, reserved 1064960K
  class space    used 2327K, capacity 2464K, committed 2560K, reserved 1048576K

Card table byte_map: [0x00000000117c0000,0x0000000011ad0000] byte_map_base: 0x00000000112c0000

Marking Bits: (ParMarkBitMap*) 0x000000005f0718f0
 Begin Bits: [0x00000000120d0000, 0x00000000138d0000)
 End Bits:   [0x00000000138d0000, 0x00000000150d0000)

Polling page: 0x0000000000960000

CodeCache: size=245760Kb used=5137Kb max_used=5137Kb free=240622Kb
 bounds [0x0000000002400000, 0x0000000002910000, 0x0000000011400000]
 total_blobs=1865 nmethods=1470 adapters=308
 compilation: enabled

Compilation events (10 events):
Event: 3.324 Thread 0x0000000015d72800 nmethod 1474 0x0000000002902d10 code [0x0000000002902e60, 0x0000000002902f70]
Event: 3.324 Thread 0x0000000015d72800 1475       1       sun.reflect.generics.tree.SimpleClassTypeSignature::getDollar (5 bytes)
Event: 3.324 Thread 0x0000000015d72800 nmethod 1475 0x0000000002902fd0 code [0x0000000002903120, 0x0000000002903230]
Event: 3.325 Thread 0x0000000015d72800 1476  s    3       java.io.ByteArrayOutputStream::write (66 bytes)
Event: 3.325 Thread 0x0000000015d72800 nmethod 1476 0x0000000002903290 code [0x0000000002903440, 0x0000000002903aa8]
Event: 3.330 Thread 0x0000000015d72800 1477       1       java.lang.reflect.Proxy$Key1::hashCode (5 bytes)
Event: 3.330 Thread 0x0000000015d72800 nmethod 1477 0x0000000002903cd0 code [0x0000000002903e20, 0x0000000002903f30]
Event: 3.334 Thread 0x0000000015d72800 1478       3       org.objectweb.asm.Type::getArgumentsAndReturnSizes (151 bytes)
Event: 3.335 Thread 0x0000000015d72800 nmethod 1478 0x0000000002903f90 code [0x00000000029041c0, 0x0000000002904f58]
Event: 3.336 Thread 0x0000000015d72800 1479       3       org.objectweb.asm.MethodWriter::visitVarInsn (292 bytes)

GC Heap History (6 events):
Event: 1.124 GC heap before
{Heap before GC invocations=1 (full 0):
 PSYoungGen      total 38400K, used 33280K [0x00000000e0000000, 0x00000000e2a80000, 0x0000000100000000)
  eden space 33280K, 100% used [0x00000000e0000000,0x00000000e2080000,0x00000000e2080000)
  from space 5120K, 0% used [0x00000000e2580000,0x00000000e2580000,0x00000000e2a80000)
  to   space 5120K, 0% used [0x00000000e2080000,0x00000000e2080000,0x00000000e2580000)
 ParOldGen       total 87552K, used 0K [0x00000000a0000000, 0x00000000a5580000, 0x00000000e0000000)
  object space 87552K, 0% used [0x00000000a0000000,0x00000000a0000000,0x00000000a5580000)
 Metaspace       used 6817K, capacity 7028K, committed 7040K, reserved 1056768K
  class space    used 832K, capacity 892K, committed 896K, reserved 1048576K
Event: 1.131 GC heap after
Heap after GC invocations=1 (full 0):
 PSYoungGen      total 38400K, used 4352K [0x00000000e0000000, 0x00000000e2a80000, 0x0000000100000000)
  eden space 33280K, 0% used [0x00000000e0000000,0x00000000e0000000,0x00000000e2080000)
  from space 5120K, 85% used [0x00000000e2080000,0x00000000e24c0198,0x00000000e2580000)
  to   space 5120K, 0% used [0x00000000e2580000,0x00000000e2580000,0x00000000e2a80000)
 ParOldGen       total 87552K, used 8K [0x00000000a0000000, 0x00000000a5580000, 0x00000000e0000000)
  object space 87552K, 0% used [0x00000000a0000000,0x00000000a0002000,0x00000000a5580000)
 Metaspace       used 6817K, capacity 7028K, committed 7040K, reserved 1056768K
  class space    used 832K, capacity 892K, committed 896K, reserved 1048576K
}
Event: 2.366 GC heap before
{Heap before GC invocations=2 (full 0):
 PSYoungGen      total 38400K, used 37632K [0x00000000e0000000, 0x00000000e2a80000, 0x0000000100000000)
  eden space 33280K, 100% used [0x00000000e0000000,0x00000000e2080000,0x00000000e2080000)
  from space 5120K, 85% used [0x00000000e2080000,0x00000000e24c0198,0x00000000e2580000)
  to   space 5120K, 0% used [0x00000000e2580000,0x00000000e2580000,0x00000000e2a80000)
 ParOldGen       total 87552K, used 8K [0x00000000a0000000, 0x00000000a5580000, 0x00000000e0000000)
  object space 87552K, 0% used [0x00000000a0000000,0x00000000a0002000,0x00000000a5580000)
 Metaspace       used 13151K, capacity 13522K, committed 13696K, reserved 1060864K
  class space    used 1744K, capacity 1874K, committed 1920K, reserved 1048576K
Event: 2.375 GC heap after
Heap after GC invocations=2 (full 0):
 PSYoungGen      total 38400K, used 5097K [0x00000000e0000000, 0x00000000e2a80000, 0x0000000100000000)
  eden space 33280K, 0% used [0x00000000e0000000,0x00000000e0000000,0x00000000e2080000)
  from space 5120K, 99% used [0x00000000e2580000,0x00000000e2a7a770,0x00000000e2a80000)
  to   space 5120K, 0% used [0x00000000e2080000,0x00000000e2080000,0x00000000e2580000)
 ParOldGen       total 87552K, used 930K [0x00000000a0000000, 0x00000000a5580000, 0x00000000e0000000)
  object space 87552K, 1% used [0x00000000a0000000,0x00000000a00e8b98,0x00000000a5580000)
 Metaspace       used 13151K, capacity 13522K, committed 13696K, reserved 1060864K
  class space    used 1744K, capacity 1874K, committed 1920K, reserved 1048576K
}
Event: 3.297 GC heap before
{Heap before GC invocations=3 (full 0):
 PSYoungGen      total 38400K, used 38377K [0x00000000e0000000, 0x00000000e2a80000, 0x0000000100000000)
  eden space 33280K, 100% used [0x00000000e0000000,0x00000000e2080000,0x00000000e2080000)
  from space 5120K, 99% used [0x00000000e2580000,0x00000000e2a7a770,0x00000000e2a80000)
  to   space 5120K, 0% used [0x00000000e2080000,0x00000000e2080000,0x00000000e2580000)
 ParOldGen       total 87552K, used 930K [0x00000000a0000000, 0x00000000a5580000, 0x00000000e0000000)
  object space 87552K, 1% used [0x00000000a0000000,0x00000000a00e8b98,0x00000000a5580000)
 Metaspace       used 16672K, capacity 17070K, committed 17280K, reserved 1064960K
  class space    used 2318K, capacity 2432K, committed 2432K, reserved 1048576K
Event: 3.312 GC heap after
Heap after GC invocations=3 (full 0):
 PSYoungGen      total 38400K, used 5095K [0x00000000e0000000, 0x00000000e2a80000, 0x0000000100000000)
  eden space 33280K, 0% used [0x00000000e0000000,0x00000000e0000000,0x00000000e2080000)
  from space 5120K, 99% used [0x00000000e2080000,0x00000000e2579e78,0x00000000e2580000)
  to   space 5120K, 0% used [0x00000000e2580000,0x00000000e2580000,0x00000000e2a80000)
 ParOldGen       total 87552K, used 3800K [0x00000000a0000000, 0x00000000a5580000, 0x00000000e0000000)
  object space 87552K, 4% used [0x00000000a0000000,0x00000000a03b6328,0x00000000a5580000)
 Metaspace       used 16672K, capacity 17070K, committed 17280K, reserved 1064960K
  class space    used 2318K, capacity 2432K, committed 2432K, reserved 1048576K
}

Deoptimization events (10 events):
Event: 2.527 Thread 0x00000000192c0800 Uncommon trap: reason=class_check action=maybe_recompile pc=0x000000000266ecdc method=java.util.regex.Matcher.match(II)Z @ 86
Event: 2.529 Thread 0x00000000192c0800 Uncommon trap: reason=class_check action=maybe_recompile pc=0x000000000266ecdc method=java.util.regex.Matcher.match(II)Z @ 86
Event: 2.834 Thread 0x00000000192c0800 Uncommon trap: reason=unstable_if action=reinterpret pc=0x0000000002554708 method=java.net.URI.match(CJJ)Z @ 19
Event: 2.835 Thread 0x00000000192c0800 Uncommon trap: reason=unstable_if action=reinterpret pc=0x00000000026975c0 method=java.net.URI.match(CJJ)Z @ 19
Event: 3.147 Thread 0x00000000192c0800 Uncommon trap: reason=bimorphic action=maybe_recompile pc=0x0000000002874d60 method=java.lang.ClassLoader.loadClass(Ljava/lang/String;Z)Ljava/lang/Class; @ 38
Event: 3.150 Thread 0x00000000192c0800 Uncommon trap: reason=bimorphic action=maybe_recompile pc=0x0000000002874d60 method=java.lang.ClassLoader.loadClass(Ljava/lang/String;Z)Ljava/lang/Class; @ 38
Event: 3.150 Thread 0x00000000192c0800 Uncommon trap: reason=bimorphic action=maybe_recompile pc=0x0000000002874d60 method=java.lang.ClassLoader.loadClass(Ljava/lang/String;Z)Ljava/lang/Class; @ 38
Event: 3.151 Thread 0x00000000192c0800 Uncommon trap: reason=bimorphic action=maybe_recompile pc=0x0000000002874d60 method=java.lang.ClassLoader.loadClass(Ljava/lang/String;Z)Ljava/lang/Class; @ 38
Event: 3.253 Thread 0x00000000192c0800 Uncommon trap: reason=unstable_if action=reinterpret pc=0x00000000026dc510 method=java.lang.AbstractStringBuilder.append(Ljava/lang/String;)Ljava/lang/AbstractStringBuilder; @ 1
Event: 3.253 Thread 0x00000000192c0800 Uncommon trap: reason=unstable_if action=reinterpret pc=0x000000000262e590 method=java.lang.AbstractStringBuilder.append(Ljava/lang/String;)Ljava/lang/AbstractStringBuilder; @ 1

Internal exceptions (10 events):
Event: 2.905 Thread 0x00000000192c0800 Exception <a 'java/lang/NoSuchMethodError': <clinit>> (0x00000000e1b17c88) thrown at [C:\src\android\AOSP-openjdk\external\jetbrains\jdk\hotspot\src\share\vm\prims\jni.cpp, line 1613]
Event: 2.906 Thread 0x00000000192c0800 Exception <a 'java/lang/NoSuchMethodError': <clinit>> (0x00000000e1b24200) thrown at [C:\src\android\AOSP-openjdk\external\jetbrains\jdk\hotspot\src\share\vm\prims\jni.cpp, line 1613]
Event: 2.907 Thread 0x00000000192c0800 Exception <a 'java/lang/NoSuchMethodError': <clinit>> (0x00000000e1b2e670) thrown at [C:\src\android\AOSP-openjdk\external\jetbrains\jdk\hotspot\src\share\vm\prims\jni.cpp, line 1613]
Event: 3.153 Thread 0x00000000192c0800 Exception <a 'java/lang/NoSuchMethodError': <clinit>> (0x00000000e1c682e8) thrown at [C:\src\android\AOSP-openjdk\external\jetbrains\jdk\hotspot\src\share\vm\prims\jni.cpp, line 1613]
Event: 3.168 Thread 0x00000000192c0800 Exception <a 'java/lang/NoSuchMethodError': <clinit>> (0x00000000e1cab970) thrown at [C:\src\android\AOSP-openjdk\external\jetbrains\jdk\hotspot\src\share\vm\prims\jni.cpp, line 1613]
Event: 3.173 Thread 0x00000000192c0800 Exception <a 'java/lang/NoSuchMethodError': <clinit>> (0x00000000e1cca7b0) thrown at [C:\src\android\AOSP-openjdk\external\jetbrains\jdk\hotspot\src\share\vm\prims\jni.cpp, line 1613]
Event: 3.174 Thread 0x00000000192c0800 Exception <a 'java/lang/NoSuchMethodError': <clinit>> (0x00000000e1cd50a0) thrown at [C:\src\android\AOSP-openjdk\external\jetbrains\jdk\hotspot\src\share\vm\prims\jni.cpp, line 1613]
Event: 3.181 Thread 0x00000000192c0800 Exception <a 'java/lang/NoSuchMethodError': <clinit>> (0x00000000e1ceffd0) thrown at [C:\src\android\AOSP-openjdk\external\jetbrains\jdk\hotspot\src\share\vm\prims\jni.cpp, line 1613]
Event: 3.253 Thread 0x00000000192c0800 Implicit null exception at 0x00000000026dc156 to 0x00000000026dc4f9
Event: 3.253 Thread 0x00000000192c0800 Implicit null exception at 0x000000000262e1d6 to 0x000000000262e579

Events (10 events):
Event: 3.320 loading class org/gradle/api/internal/DependencyInjectingInstantiator
Event: 3.320 loading class org/gradle/api/internal/DependencyInjectingInstantiator done
Event: 3.321 loading class net/jcip/annotations/NotThreadSafe
Event: 3.321 loading class net/jcip/annotations/NotThreadSafe done
Event: 3.326 loading class org/gradle/api/plugins/PluginInstantiationException
Event: 3.326 loading class org/gradle/api/plugins/PluginInstantiationException done
Event: 3.328 loading class org/gradle/api/internal/plugins/PluginApplicationException
Event: 3.328 loading class org/gradle/api/internal/plugins/PluginApplicationException done
Event: 3.329 loading class org/gradle/api/plugins/AppliedPlugin
Event: 3.329 loading class org/gradle/api/plugins/AppliedPlugin done


Dynamic libraries:
0x00007ff7669f0000 - 0x00007ff766a21000 	C:\Program Files\Android\Android Studio\jre\bin\java.exe
0x00007ffe186c0000 - 0x00007ffe18882000 	C:\Windows\SYSTEM32\ntdll.dll
0x00007ffe185f0000 - 0x00007ffe1869d000 	C:\Windows\system32\KERNEL32.DLL
0x00007ffe0e470000 - 0x00007ffe0e4a3000 	C:\Program Files\AVAST Software\Avast\x64\aswhooka.dll
0x00007ffe15bb0000 - 0x00007ffe15d8d000 	C:\Windows\system32\KERNELBASE.dll
0x00007ffe17960000 - 0x00007ffe17a06000 	C:\Windows\system32\ADVAPI32.dll
0x00007ffe17f30000 - 0x00007ffe17fcd000 	C:\Windows\system32\msvcrt.dll
0x00007ffe17fd0000 - 0x00007ffe1802b000 	C:\Windows\system32\sechost.dll
0x00007ffe18080000 - 0x00007ffe181a6000 	C:\Windows\system32\RPCRT4.dll
0x00007ffe17740000 - 0x00007ffe1788e000 	C:\Windows\system32\USER32.dll
0x00007ffe18460000 - 0x00007ffe185e5000 	C:\Windows\system32\GDI32.dll
0x00007ffe05fe0000 - 0x00007ffe06254000 	C:\Windows\WinSxS\amd64_microsoft.windows.common-controls_6595b64144ccf1df_6.0.10240.16384_none_f41f7b285750ef43\COMCTL32.dll
0x00007ffe18030000 - 0x00007ffe18066000 	C:\Windows\system32\IMM32.DLL
0x00007ffe182f0000 - 0x00007ffe1844c000 	C:\Windows\system32\MSCTF.dll
0x000000005e7d0000 - 0x000000005e8a2000 	C:\Program Files\Android\Android Studio\jre\jre\bin\msvcr100.dll
0x000000005e8b0000 - 0x000000005f0ec000 	C:\Program Files\Android\Android Studio\jre\jre\bin\server\jvm.dll
0x00007ffe18450000 - 0x00007ffe18458000 	C:\Windows\system32\PSAPI.DLL
0x00007ffe09970000 - 0x00007ffe09979000 	C:\Windows\SYSTEM32\WSOCK32.dll
0x00007ffe17ec0000 - 0x00007ffe17f29000 	C:\Windows\system32\WS2_32.dll
0x00007ffe18070000 - 0x00007ffe18078000 	C:\Windows\system32\NSI.dll
0x00007ffe0a180000 - 0x00007ffe0a1a3000 	C:\Windows\SYSTEM32\WINMM.dll
0x00007ffe11730000 - 0x00007ffe1173a000 	C:\Windows\SYSTEM32\VERSION.dll
0x00007ffe09dd0000 - 0x00007ffe09dfc000 	C:\Windows\SYSTEM32\WINMMBASE.dll
0x00007ffe151f0000 - 0x00007ffe15234000 	C:\Windows\system32\cfgmgr32.dll
0x00007ffe13a60000 - 0x00007ffe13a87000 	C:\Windows\SYSTEM32\DEVOBJ.dll
0x00007ffe0adc0000 - 0x00007ffe0adcf000 	C:\Program Files\Android\Android Studio\jre\jre\bin\verify.dll
0x00007ffe0ad90000 - 0x00007ffe0adb9000 	C:\Program Files\Android\Android Studio\jre\jre\bin\java.dll
0x00007ffe0ad70000 - 0x00007ffe0ad86000 	C:\Program Files\Android\Android Studio\jre\jre\bin\zip.dll
0x00007ffe15e40000 - 0x00007ffe17365000 	C:\Windows\system32\SHELL32.dll
0x00007ffe153b0000 - 0x00007ffe159d8000 	C:\Windows\system32\windows.storage.dll
0x00007ffe17a70000 - 0x00007ffe17cec000 	C:\Windows\system32\combase.dll
0x00007ffe181b0000 - 0x00007ffe18201000 	C:\Windows\system32\shlwapi.dll
0x00007ffe15110000 - 0x00007ffe1511f000 	C:\Windows\system32\kernel.appcore.dll
0x00007ffe15240000 - 0x00007ffe152f3000 	C:\Windows\system32\shcore.dll
0x00007ffe15120000 - 0x00007ffe1516a000 	C:\Windows\system32\powrprof.dll
0x00007ffe150f0000 - 0x00007ffe15103000 	C:\Windows\system32\profapi.dll
0x00007ffe08d40000 - 0x00007ffe08d5a000 	C:\Program Files\Android\Android Studio\jre\jre\bin\net.dll
0x00007ffe14960000 - 0x00007ffe149bd000 	C:\Windows\system32\mswsock.dll
0x00007ffe05f70000 - 0x00007ffe05f81000 	C:\Program Files\Android\Android Studio\jre\jre\bin\nio.dll
0x00007ffe0e610000 - 0x00007ffe0e62e000 	C:\Users\SOW_B\.gradle\native\23\windows-amd64\native-platform.dll
0x00007ffe149c0000 - 0x00007ffe149d7000 	C:\Windows\SYSTEM32\CRYPTSP.dll
0x00007ffe15020000 - 0x00007ffe15048000 	C:\Windows\SYSTEM32\bcrypt.dll
0x00007ffe14610000 - 0x00007ffe14643000 	C:\Windows\system32\rsaenh.dll
0x00007ffe14700000 - 0x00007ffe1471f000 	C:\Windows\SYSTEM32\USERENV.dll
0x00007ffe14f10000 - 0x00007ffe14f7b000 	C:\Windows\system32\bcryptprimitives.dll
0x00007ffe14b30000 - 0x00007ffe14b3b000 	C:\Windows\SYSTEM32\CRYPTBASE.dll
0x00007ffe10e80000 - 0x00007ffe10eb8000 	C:\Windows\SYSTEM32\IPHLPAPI.DLL
0x00007ffe10e60000 - 0x00007ffe10e6b000 	C:\Windows\SYSTEM32\WINNSI.DLL
0x00007ffe10270000 - 0x00007ffe10286000 	C:\Windows\SYSTEM32\dhcpcsvc6.DLL
0x00007ffe10290000 - 0x00007ffe102aa000 	C:\Windows\SYSTEM32\dhcpcsvc.DLL
0x00007ffe05f60000 - 0x00007ffe05f6d000 	C:\Program Files\Android\Android Studio\jre\jre\bin\management.dll

VM Arguments:
jvm_args: -Xmx1536m -Dfile.encoding=windows-1252 -Duser.country=FR -Duser.language=fr -Duser.variant 
java_command: org.gradle.launcher.daemon.bootstrap.GradleDaemon 3.3
java_class_path (initial): C:\Users\SOW_B\.gradle\wrapper\dists\gradle-3.3-all\55gk2rcmfc6p2dg9u9ohc3hw9\gradle-3.3\lib\gradle-launcher-3.3.jar
Launcher Type: SUN_STANDARD

Environment Variables:
JAVA_HOME=C:\Program Files\Java\jdk1.8.0_101
CLASSPATH=C:\Users\SOW_B\workspace\rmiBase\bin
PATH=D:\oracle\product\10.2.0\db_2\bin;C:\ProgramData\Oracle\Java\javapath;C:\Windows\system32;C:\Windows;C:\Windows\System32\Wbem;C:\Windows\System32\WindowsPowerShell\v1.0\;C:\Program Files\Java\jdk1.8.0_101\jre\bin;C:\Program Files\PostgreSQL\9.5\bin;C:\Program Files\Java\jdk1.8.0_101\bin;C:\wamp\bin\php\php5.5.12\ext;c:\Program Files (x86)\Microsoft SQL Server\100\Tools\Binn\;c:\Program Files\Microsoft SQL Server\100\Tools\Binn\;c:\Program Files\Microsoft SQL Server\100\DTS\Binn\;c:\Program Files (x86)\Microsoft SQL Server\100\Tools\Binn\VSShell\Common7\IDE\;c:\Program Files (x86)\Microsoft SQL Server\100\DTS\Binn\;C:\Program Files (x86)\Microsoft Visual Studio 9.0\Common7\IDE\PrivateAssemblies\;C:\youtube-dl;C:\Program Files (x86)\MySQL\MySQL Server 5.2\bin;C:\Users\SOW_B\.gradle\wrapper\dists;C:\Program Files\MySQL\MySQL Server 5.7\bin;C:\Program Files (x86)\MySQL\MySQL Server 5.1\bin;C:\Program Files\Git\cmd
USERNAME=SOW_B
OS=Windows_NT
PROCESSOR_IDENTIFIER=Intel64 Family 6 Model 58 Stepping 9, GenuineIntel



---------------  S Y S T E M  ---------------

OS: Windows 10.0 , 64 bit Build 10240 (10.0.10240.16384)

CPU:total 4 (4 cores per cpu, 2 threads per core) family 6 model 58 stepping 9, cmov, cx8, fxsr, mmx, sse, sse2, sse3, ssse3, sse4.1, sse4.2, popcnt, avx, aes, clmul, erms, ht, tsc, tscinvbit, tscinv

Memory: 4k page, physical 8284520k(2253268k free), swap 11185724k(4676k free)

vm_info: OpenJDK 64-Bit Server VM (25.112-b06) for windows-amd64 JRE (1.8.0_112-release-b06), built on Dec  8 2016 00:54:26 by "builder" with MS VC++ 10.0 (VS2010)

time: Wed Aug 02 04:53:59 2017
elapsed time: 3 seconds (0d 0h 0m 3s)

